
*** Running vivado
    with args -log system_wrapper.vdi -applog -m64 -product Vivado -messageDb vivado.pb -mode batch -source system_wrapper.tcl -notrace


****** Vivado v2020.2 (64-bit)
  **** SW Build 3064766 on Wed Nov 18 09:12:47 MST 2020
  **** IP Build 3064653 on Wed Nov 18 14:17:31 MST 2020
    ** Copyright 1986-2020 Xilinx, Inc. All Rights Reserved.

source system_wrapper.tcl -notrace
INFO: [IP_Flow 19-234] Refreshing IP repositories
INFO: [IP_Flow 19-1700] Loaded user IP repository '/home/acoustics/Documents/RP/Pavel_Demin/tmp/cores'.
INFO: [IP_Flow 19-2313] Loaded Vivado IP repository '/tools/Xilinx/Vivado/2020.2/data/ip'.
Command: link_design -top system_wrapper -part xc7z010clg400-1
Design is defaulting to srcset: sources_1
Design is defaulting to constrset: constrs_1
INFO: [Device 21-403] Loading part xc7z010clg400-1
Netlist sorting complete. Time (s): cpu = 00:00:00.39 ; elapsed = 00:00:00.39 . Memory (MB): peak = 2292.734 ; gain = 0.000 ; free physical = 9080 ; free virtual = 14931
INFO: [Netlist 29-17] Analyzing 303 Unisim elements for replacement
INFO: [Netlist 29-28] Unisim Transformation completed in 0 CPU seconds
INFO: [Project 1-479] Netlist was created with Vivado 2020.2
INFO: [Project 1-570] Preparing netlist for logic optimization
Parsing XDC File [/home/acoustics/Documents/RP/RP_feedback/oscilloscope.gen/sources_1/bd/system/ip/system_pll_0_0/system_pll_0_0_board.xdc] for cell 'system_i/pll_0/inst'
Finished Parsing XDC File [/home/acoustics/Documents/RP/RP_feedback/oscilloscope.gen/sources_1/bd/system/ip/system_pll_0_0/system_pll_0_0_board.xdc] for cell 'system_i/pll_0/inst'
Parsing XDC File [/home/acoustics/Documents/RP/RP_feedback/oscilloscope.gen/sources_1/bd/system/ip/system_pll_0_0/system_pll_0_0.xdc] for cell 'system_i/pll_0/inst'
INFO: [Timing 38-35] Done setting XDC timing constraints. [/home/acoustics/Documents/RP/RP_feedback/oscilloscope.gen/sources_1/bd/system/ip/system_pll_0_0/system_pll_0_0.xdc:57]
INFO: [Timing 38-2] Deriving generated clocks [/home/acoustics/Documents/RP/RP_feedback/oscilloscope.gen/sources_1/bd/system/ip/system_pll_0_0/system_pll_0_0.xdc:57]
get_clocks: Time (s): cpu = 00:00:16 ; elapsed = 00:00:16 . Memory (MB): peak = 2461.621 ; gain = 168.887 ; free physical = 8605 ; free virtual = 14470
Finished Parsing XDC File [/home/acoustics/Documents/RP/RP_feedback/oscilloscope.gen/sources_1/bd/system/ip/system_pll_0_0/system_pll_0_0.xdc] for cell 'system_i/pll_0/inst'
Parsing XDC File [/home/acoustics/Documents/RP/RP_feedback/oscilloscope.gen/sources_1/bd/system/ip/system_ps_0_0/system_ps_0_0.xdc] for cell 'system_i/ps_0/inst'
Finished Parsing XDC File [/home/acoustics/Documents/RP/RP_feedback/oscilloscope.gen/sources_1/bd/system/ip/system_ps_0_0/system_ps_0_0.xdc] for cell 'system_i/ps_0/inst'
Parsing XDC File [/home/acoustics/Documents/RP/RP_feedback/oscilloscope.gen/sources_1/bd/system/ip/system_rst_0_0/system_rst_0_0_board.xdc] for cell 'system_i/rst_0/U0'
Finished Parsing XDC File [/home/acoustics/Documents/RP/RP_feedback/oscilloscope.gen/sources_1/bd/system/ip/system_rst_0_0/system_rst_0_0_board.xdc] for cell 'system_i/rst_0/U0'
Parsing XDC File [/home/acoustics/Documents/RP/RP_feedback/oscilloscope.gen/sources_1/bd/system/ip/system_rst_0_0/system_rst_0_0.xdc] for cell 'system_i/rst_0/U0'
Finished Parsing XDC File [/home/acoustics/Documents/RP/RP_feedback/oscilloscope.gen/sources_1/bd/system/ip/system_rst_0_0/system_rst_0_0.xdc] for cell 'system_i/rst_0/U0'
Parsing XDC File [/home/acoustics/Documents/RP/RP_feedback/oscilloscope.srcs/constrs_1/imports/cfg/clocks.xdc]
Finished Parsing XDC File [/home/acoustics/Documents/RP/RP_feedback/oscilloscope.srcs/constrs_1/imports/cfg/clocks.xdc]
Parsing XDC File [/home/acoustics/Documents/RP/RP_feedback/oscilloscope.srcs/constrs_1/imports/cfg/ports.xdc]
WARNING: [Vivado 12-584] No ports matched 'Vp_Vn_v_p'. [/home/acoustics/Documents/RP/RP_feedback/oscilloscope.srcs/constrs_1/imports/cfg/ports.xdc:127]
CRITICAL WARNING: [Common 17-55] 'set_property' expects at least one object. [/home/acoustics/Documents/RP/RP_feedback/oscilloscope.srcs/constrs_1/imports/cfg/ports.xdc:127]
Resolution: If [get_<value>] was used to populate the object, check to make sure this command returns at least one valid object.
WARNING: [Vivado 12-584] No ports matched 'Vp_Vn_v_n'. [/home/acoustics/Documents/RP/RP_feedback/oscilloscope.srcs/constrs_1/imports/cfg/ports.xdc:128]
CRITICAL WARNING: [Common 17-55] 'set_property' expects at least one object. [/home/acoustics/Documents/RP/RP_feedback/oscilloscope.srcs/constrs_1/imports/cfg/ports.xdc:128]
Resolution: If [get_<value>] was used to populate the object, check to make sure this command returns at least one valid object.
WARNING: [Vivado 12-584] No ports matched 'Vaux0_v_p'. [/home/acoustics/Documents/RP/RP_feedback/oscilloscope.srcs/constrs_1/imports/cfg/ports.xdc:129]
CRITICAL WARNING: [Common 17-55] 'set_property' expects at least one object. [/home/acoustics/Documents/RP/RP_feedback/oscilloscope.srcs/constrs_1/imports/cfg/ports.xdc:129]
Resolution: If [get_<value>] was used to populate the object, check to make sure this command returns at least one valid object.
WARNING: [Vivado 12-584] No ports matched 'Vaux0_v_n'. [/home/acoustics/Documents/RP/RP_feedback/oscilloscope.srcs/constrs_1/imports/cfg/ports.xdc:130]
CRITICAL WARNING: [Common 17-55] 'set_property' expects at least one object. [/home/acoustics/Documents/RP/RP_feedback/oscilloscope.srcs/constrs_1/imports/cfg/ports.xdc:130]
Resolution: If [get_<value>] was used to populate the object, check to make sure this command returns at least one valid object.
WARNING: [Vivado 12-584] No ports matched 'Vaux1_v_p'. [/home/acoustics/Documents/RP/RP_feedback/oscilloscope.srcs/constrs_1/imports/cfg/ports.xdc:131]
CRITICAL WARNING: [Common 17-55] 'set_property' expects at least one object. [/home/acoustics/Documents/RP/RP_feedback/oscilloscope.srcs/constrs_1/imports/cfg/ports.xdc:131]
Resolution: If [get_<value>] was used to populate the object, check to make sure this command returns at least one valid object.
WARNING: [Vivado 12-584] No ports matched 'Vaux1_v_n'. [/home/acoustics/Documents/RP/RP_feedback/oscilloscope.srcs/constrs_1/imports/cfg/ports.xdc:132]
CRITICAL WARNING: [Common 17-55] 'set_property' expects at least one object. [/home/acoustics/Documents/RP/RP_feedback/oscilloscope.srcs/constrs_1/imports/cfg/ports.xdc:132]
Resolution: If [get_<value>] was used to populate the object, check to make sure this command returns at least one valid object.
WARNING: [Vivado 12-584] No ports matched 'Vaux8_v_p'. [/home/acoustics/Documents/RP/RP_feedback/oscilloscope.srcs/constrs_1/imports/cfg/ports.xdc:133]
CRITICAL WARNING: [Common 17-55] 'set_property' expects at least one object. [/home/acoustics/Documents/RP/RP_feedback/oscilloscope.srcs/constrs_1/imports/cfg/ports.xdc:133]
Resolution: If [get_<value>] was used to populate the object, check to make sure this command returns at least one valid object.
WARNING: [Vivado 12-584] No ports matched 'Vaux8_v_n'. [/home/acoustics/Documents/RP/RP_feedback/oscilloscope.srcs/constrs_1/imports/cfg/ports.xdc:134]
CRITICAL WARNING: [Common 17-55] 'set_property' expects at least one object. [/home/acoustics/Documents/RP/RP_feedback/oscilloscope.srcs/constrs_1/imports/cfg/ports.xdc:134]
Resolution: If [get_<value>] was used to populate the object, check to make sure this command returns at least one valid object.
WARNING: [Vivado 12-584] No ports matched 'Vaux9_v_p'. [/home/acoustics/Documents/RP/RP_feedback/oscilloscope.srcs/constrs_1/imports/cfg/ports.xdc:135]
CRITICAL WARNING: [Common 17-55] 'set_property' expects at least one object. [/home/acoustics/Documents/RP/RP_feedback/oscilloscope.srcs/constrs_1/imports/cfg/ports.xdc:135]
Resolution: If [get_<value>] was used to populate the object, check to make sure this command returns at least one valid object.
WARNING: [Vivado 12-584] No ports matched 'Vaux9_v_n'. [/home/acoustics/Documents/RP/RP_feedback/oscilloscope.srcs/constrs_1/imports/cfg/ports.xdc:136]
CRITICAL WARNING: [Common 17-55] 'set_property' expects at least one object. [/home/acoustics/Documents/RP/RP_feedback/oscilloscope.srcs/constrs_1/imports/cfg/ports.xdc:136]
Resolution: If [get_<value>] was used to populate the object, check to make sure this command returns at least one valid object.
WARNING: [Vivado 12-584] No ports matched 'Vp_Vn_v_p'. [/home/acoustics/Documents/RP/RP_feedback/oscilloscope.srcs/constrs_1/imports/cfg/ports.xdc:138]
CRITICAL WARNING: [Common 17-55] 'set_property' expects at least one object. [/home/acoustics/Documents/RP/RP_feedback/oscilloscope.srcs/constrs_1/imports/cfg/ports.xdc:138]
Resolution: If [get_<value>] was used to populate the object, check to make sure this command returns at least one valid object.
WARNING: [Vivado 12-584] No ports matched 'Vp_Vn_v_n'. [/home/acoustics/Documents/RP/RP_feedback/oscilloscope.srcs/constrs_1/imports/cfg/ports.xdc:139]
CRITICAL WARNING: [Common 17-55] 'set_property' expects at least one object. [/home/acoustics/Documents/RP/RP_feedback/oscilloscope.srcs/constrs_1/imports/cfg/ports.xdc:139]
Resolution: If [get_<value>] was used to populate the object, check to make sure this command returns at least one valid object.
WARNING: [Vivado 12-584] No ports matched 'Vaux0_v_p'. [/home/acoustics/Documents/RP/RP_feedback/oscilloscope.srcs/constrs_1/imports/cfg/ports.xdc:140]
CRITICAL WARNING: [Common 17-55] 'set_property' expects at least one object. [/home/acoustics/Documents/RP/RP_feedback/oscilloscope.srcs/constrs_1/imports/cfg/ports.xdc:140]
Resolution: If [get_<value>] was used to populate the object, check to make sure this command returns at least one valid object.
WARNING: [Vivado 12-584] No ports matched 'Vaux0_v_n'. [/home/acoustics/Documents/RP/RP_feedback/oscilloscope.srcs/constrs_1/imports/cfg/ports.xdc:141]
CRITICAL WARNING: [Common 17-55] 'set_property' expects at least one object. [/home/acoustics/Documents/RP/RP_feedback/oscilloscope.srcs/constrs_1/imports/cfg/ports.xdc:141]
Resolution: If [get_<value>] was used to populate the object, check to make sure this command returns at least one valid object.
WARNING: [Vivado 12-584] No ports matched 'Vaux1_v_p'. [/home/acoustics/Documents/RP/RP_feedback/oscilloscope.srcs/constrs_1/imports/cfg/ports.xdc:142]
CRITICAL WARNING: [Common 17-55] 'set_property' expects at least one object. [/home/acoustics/Documents/RP/RP_feedback/oscilloscope.srcs/constrs_1/imports/cfg/ports.xdc:142]
Resolution: If [get_<value>] was used to populate the object, check to make sure this command returns at least one valid object.
WARNING: [Vivado 12-584] No ports matched 'Vaux1_v_n'. [/home/acoustics/Documents/RP/RP_feedback/oscilloscope.srcs/constrs_1/imports/cfg/ports.xdc:143]
CRITICAL WARNING: [Common 17-55] 'set_property' expects at least one object. [/home/acoustics/Documents/RP/RP_feedback/oscilloscope.srcs/constrs_1/imports/cfg/ports.xdc:143]
Resolution: If [get_<value>] was used to populate the object, check to make sure this command returns at least one valid object.
WARNING: [Vivado 12-584] No ports matched 'Vaux8_v_p'. [/home/acoustics/Documents/RP/RP_feedback/oscilloscope.srcs/constrs_1/imports/cfg/ports.xdc:144]
CRITICAL WARNING: [Common 17-55] 'set_property' expects at least one object. [/home/acoustics/Documents/RP/RP_feedback/oscilloscope.srcs/constrs_1/imports/cfg/ports.xdc:144]
Resolution: If [get_<value>] was used to populate the object, check to make sure this command returns at least one valid object.
WARNING: [Vivado 12-584] No ports matched 'Vaux8_v_n'. [/home/acoustics/Documents/RP/RP_feedback/oscilloscope.srcs/constrs_1/imports/cfg/ports.xdc:145]
CRITICAL WARNING: [Common 17-55] 'set_property' expects at least one object. [/home/acoustics/Documents/RP/RP_feedback/oscilloscope.srcs/constrs_1/imports/cfg/ports.xdc:145]
Resolution: If [get_<value>] was used to populate the object, check to make sure this command returns at least one valid object.
WARNING: [Vivado 12-584] No ports matched 'Vaux9_v_p'. [/home/acoustics/Documents/RP/RP_feedback/oscilloscope.srcs/constrs_1/imports/cfg/ports.xdc:146]
CRITICAL WARNING: [Common 17-55] 'set_property' expects at least one object. [/home/acoustics/Documents/RP/RP_feedback/oscilloscope.srcs/constrs_1/imports/cfg/ports.xdc:146]
Resolution: If [get_<value>] was used to populate the object, check to make sure this command returns at least one valid object.
WARNING: [Vivado 12-584] No ports matched 'Vaux9_v_n'. [/home/acoustics/Documents/RP/RP_feedback/oscilloscope.srcs/constrs_1/imports/cfg/ports.xdc:147]
CRITICAL WARNING: [Common 17-55] 'set_property' expects at least one object. [/home/acoustics/Documents/RP/RP_feedback/oscilloscope.srcs/constrs_1/imports/cfg/ports.xdc:147]
Resolution: If [get_<value>] was used to populate the object, check to make sure this command returns at least one valid object.
WARNING: [Vivado 12-584] No ports matched 'daisy_p_o[*]'. [/home/acoustics/Documents/RP/RP_feedback/oscilloscope.srcs/constrs_1/imports/cfg/ports.xdc:177]
CRITICAL WARNING: [Common 17-55] 'set_property' expects at least one object. [/home/acoustics/Documents/RP/RP_feedback/oscilloscope.srcs/constrs_1/imports/cfg/ports.xdc:177]
Resolution: If [get_<value>] was used to populate the object, check to make sure this command returns at least one valid object.
WARNING: [Vivado 12-584] No ports matched 'daisy_n_o[*]'. [/home/acoustics/Documents/RP/RP_feedback/oscilloscope.srcs/constrs_1/imports/cfg/ports.xdc:178]
CRITICAL WARNING: [Common 17-55] 'set_property' expects at least one object. [/home/acoustics/Documents/RP/RP_feedback/oscilloscope.srcs/constrs_1/imports/cfg/ports.xdc:178]
Resolution: If [get_<value>] was used to populate the object, check to make sure this command returns at least one valid object.
WARNING: [Vivado 12-584] No ports matched 'daisy_p_i[*]'. [/home/acoustics/Documents/RP/RP_feedback/oscilloscope.srcs/constrs_1/imports/cfg/ports.xdc:180]
CRITICAL WARNING: [Common 17-55] 'set_property' expects at least one object. [/home/acoustics/Documents/RP/RP_feedback/oscilloscope.srcs/constrs_1/imports/cfg/ports.xdc:180]
Resolution: If [get_<value>] was used to populate the object, check to make sure this command returns at least one valid object.
WARNING: [Vivado 12-584] No ports matched 'daisy_n_i[*]'. [/home/acoustics/Documents/RP/RP_feedback/oscilloscope.srcs/constrs_1/imports/cfg/ports.xdc:181]
CRITICAL WARNING: [Common 17-55] 'set_property' expects at least one object. [/home/acoustics/Documents/RP/RP_feedback/oscilloscope.srcs/constrs_1/imports/cfg/ports.xdc:181]
Resolution: If [get_<value>] was used to populate the object, check to make sure this command returns at least one valid object.
WARNING: [Vivado 12-584] No ports matched 'daisy_p_o[0]'. [/home/acoustics/Documents/RP/RP_feedback/oscilloscope.srcs/constrs_1/imports/cfg/ports.xdc:183]
CRITICAL WARNING: [Common 17-55] 'set_property' expects at least one object. [/home/acoustics/Documents/RP/RP_feedback/oscilloscope.srcs/constrs_1/imports/cfg/ports.xdc:183]
Resolution: If [get_<value>] was used to populate the object, check to make sure this command returns at least one valid object.
WARNING: [Vivado 12-584] No ports matched 'daisy_n_o[0]'. [/home/acoustics/Documents/RP/RP_feedback/oscilloscope.srcs/constrs_1/imports/cfg/ports.xdc:184]
CRITICAL WARNING: [Common 17-55] 'set_property' expects at least one object. [/home/acoustics/Documents/RP/RP_feedback/oscilloscope.srcs/constrs_1/imports/cfg/ports.xdc:184]
Resolution: If [get_<value>] was used to populate the object, check to make sure this command returns at least one valid object.
WARNING: [Vivado 12-584] No ports matched 'daisy_p_o[1]'. [/home/acoustics/Documents/RP/RP_feedback/oscilloscope.srcs/constrs_1/imports/cfg/ports.xdc:186]
CRITICAL WARNING: [Common 17-55] 'set_property' expects at least one object. [/home/acoustics/Documents/RP/RP_feedback/oscilloscope.srcs/constrs_1/imports/cfg/ports.xdc:186]
Resolution: If [get_<value>] was used to populate the object, check to make sure this command returns at least one valid object.
WARNING: [Vivado 12-584] No ports matched 'daisy_n_o[1]'. [/home/acoustics/Documents/RP/RP_feedback/oscilloscope.srcs/constrs_1/imports/cfg/ports.xdc:187]
CRITICAL WARNING: [Common 17-55] 'set_property' expects at least one object. [/home/acoustics/Documents/RP/RP_feedback/oscilloscope.srcs/constrs_1/imports/cfg/ports.xdc:187]
Resolution: If [get_<value>] was used to populate the object, check to make sure this command returns at least one valid object.
WARNING: [Vivado 12-584] No ports matched 'daisy_p_i[0]'. [/home/acoustics/Documents/RP/RP_feedback/oscilloscope.srcs/constrs_1/imports/cfg/ports.xdc:189]
CRITICAL WARNING: [Common 17-55] 'set_property' expects at least one object. [/home/acoustics/Documents/RP/RP_feedback/oscilloscope.srcs/constrs_1/imports/cfg/ports.xdc:189]
Resolution: If [get_<value>] was used to populate the object, check to make sure this command returns at least one valid object.
WARNING: [Vivado 12-584] No ports matched 'daisy_n_i[0]'. [/home/acoustics/Documents/RP/RP_feedback/oscilloscope.srcs/constrs_1/imports/cfg/ports.xdc:190]
CRITICAL WARNING: [Common 17-55] 'set_property' expects at least one object. [/home/acoustics/Documents/RP/RP_feedback/oscilloscope.srcs/constrs_1/imports/cfg/ports.xdc:190]
Resolution: If [get_<value>] was used to populate the object, check to make sure this command returns at least one valid object.
WARNING: [Vivado 12-584] No ports matched 'daisy_p_i[1]'. [/home/acoustics/Documents/RP/RP_feedback/oscilloscope.srcs/constrs_1/imports/cfg/ports.xdc:192]
CRITICAL WARNING: [Common 17-55] 'set_property' expects at least one object. [/home/acoustics/Documents/RP/RP_feedback/oscilloscope.srcs/constrs_1/imports/cfg/ports.xdc:192]
Resolution: If [get_<value>] was used to populate the object, check to make sure this command returns at least one valid object.
WARNING: [Vivado 12-584] No ports matched 'daisy_n_i[1]'. [/home/acoustics/Documents/RP/RP_feedback/oscilloscope.srcs/constrs_1/imports/cfg/ports.xdc:193]
CRITICAL WARNING: [Common 17-55] 'set_property' expects at least one object. [/home/acoustics/Documents/RP/RP_feedback/oscilloscope.srcs/constrs_1/imports/cfg/ports.xdc:193]
Resolution: If [get_<value>] was used to populate the object, check to make sure this command returns at least one valid object.
Finished Parsing XDC File [/home/acoustics/Documents/RP/RP_feedback/oscilloscope.srcs/constrs_1/imports/cfg/ports.xdc]
INFO: [Opt 31-138] Pushed 0 inverter(s) to 0 load pin(s).
INFO: [Project 1-1687] 2 scoped IP constraints or related sub-commands were skipped due to synthesis logic optimizations usually triggered by constant connectivity or unconnected output pins. To review the skipped constraints and messages, run the command 'set_param netlist.IPMsgFiltering false' before opening the design.
Netlist sorting complete. Time (s): cpu = 00:00:00.01 ; elapsed = 00:00:00.01 . Memory (MB): peak = 2477.645 ; gain = 0.000 ; free physical = 8609 ; free virtual = 14474
INFO: [Project 1-111] Unisim Transformation Summary:
No Unisim elements were transformed.

13 Infos, 32 Warnings, 32 Critical Warnings and 0 Errors encountered.
link_design completed successfully
link_design: Time (s): cpu = 00:00:36 ; elapsed = 00:00:38 . Memory (MB): peak = 2477.645 ; gain = 184.992 ; free physical = 8609 ; free virtual = 14474
Command: opt_design
Attempting to get a license for feature 'Implementation' and/or device 'xc7z010'
INFO: [Common 17-349] Got license for feature 'Implementation' and/or device 'xc7z010'
Running DRC as a precondition to command opt_design

Starting DRC Task
INFO: [DRC 23-27] Running DRC with 4 threads
WARNING: [DRC RPBF-3] IO port buffering is incomplete: Device port exp_n_tri_io[0] expects both input and output buffering but the buffers are incomplete.
WARNING: [DRC RPBF-3] IO port buffering is incomplete: Device port exp_n_tri_io[1] expects both input and output buffering but the buffers are incomplete.
WARNING: [DRC RPBF-3] IO port buffering is incomplete: Device port exp_n_tri_io[2] expects both input and output buffering but the buffers are incomplete.
WARNING: [DRC RPBF-3] IO port buffering is incomplete: Device port exp_n_tri_io[3] expects both input and output buffering but the buffers are incomplete.
WARNING: [DRC RPBF-3] IO port buffering is incomplete: Device port exp_n_tri_io[4] expects both input and output buffering but the buffers are incomplete.
WARNING: [DRC RPBF-3] IO port buffering is incomplete: Device port exp_n_tri_io[5] expects both input and output buffering but the buffers are incomplete.
WARNING: [DRC RPBF-3] IO port buffering is incomplete: Device port exp_n_tri_io[6] expects both input and output buffering but the buffers are incomplete.
WARNING: [DRC RPBF-3] IO port buffering is incomplete: Device port exp_n_tri_io[7] expects both input and output buffering but the buffers are incomplete.
WARNING: [DRC RPBF-3] IO port buffering is incomplete: Device port exp_p_tri_io[0] expects both input and output buffering but the buffers are incomplete.
WARNING: [DRC RPBF-3] IO port buffering is incomplete: Device port exp_p_tri_io[1] expects both input and output buffering but the buffers are incomplete.
WARNING: [DRC RPBF-3] IO port buffering is incomplete: Device port exp_p_tri_io[2] expects both input and output buffering but the buffers are incomplete.
WARNING: [DRC RPBF-3] IO port buffering is incomplete: Device port exp_p_tri_io[3] expects both input and output buffering but the buffers are incomplete.
WARNING: [DRC RPBF-3] IO port buffering is incomplete: Device port exp_p_tri_io[4] expects both input and output buffering but the buffers are incomplete.
WARNING: [DRC RPBF-3] IO port buffering is incomplete: Device port exp_p_tri_io[5] expects both input and output buffering but the buffers are incomplete.
WARNING: [DRC RPBF-3] IO port buffering is incomplete: Device port exp_p_tri_io[6] expects both input and output buffering but the buffers are incomplete.
WARNING: [DRC RPBF-3] IO port buffering is incomplete: Device port exp_p_tri_io[7] expects both input and output buffering but the buffers are incomplete.
INFO: [Project 1-461] DRC finished with 0 Errors, 16 Warnings
INFO: [Project 1-462] Please refer to the DRC report (report_drc) for more information.

Time (s): cpu = 00:00:04 ; elapsed = 00:00:02 . Memory (MB): peak = 2511.480 ; gain = 33.836 ; free physical = 8591 ; free virtual = 14457

Starting Cache Timing Information Task
INFO: [Timing 38-35] Done setting XDC timing constraints.
Ending Cache Timing Information Task | Checksum: 109768016

Time (s): cpu = 00:00:01 ; elapsed = 00:00:00.60 . Memory (MB): peak = 2521.387 ; gain = 9.906 ; free physical = 8582 ; free virtual = 14448

Starting Logic Optimization Task

Phase 1 Retarget
INFO: [Opt 31-138] Pushed 2 inverter(s) to 6 load pin(s).
INFO: [Opt 31-49] Retargeted 0 cell(s).
Phase 1 Retarget | Checksum: 23f7d0b49

Time (s): cpu = 00:00:01 ; elapsed = 00:00:01 . Memory (MB): peak = 2670.387 ; gain = 0.000 ; free physical = 8399 ; free virtual = 14265
INFO: [Opt 31-389] Phase Retarget created 1 cells and removed 79 cells
INFO: [Opt 31-1021] In phase Retarget, 1 netlist objects are constrained preventing optimization. Please run opt_design with -debug_log to get more detail. 

Phase 2 Constant propagation
INFO: [Opt 31-138] Pushed 0 inverter(s) to 0 load pin(s).
Phase 2 Constant propagation | Checksum: 1bd8073fa

Time (s): cpu = 00:00:02 ; elapsed = 00:00:02 . Memory (MB): peak = 2670.387 ; gain = 0.000 ; free physical = 8397 ; free virtual = 14263
INFO: [Opt 31-389] Phase Constant propagation created 772 cells and removed 932 cells

Phase 3 Sweep
Phase 3 Sweep | Checksum: 178fa98fb

Time (s): cpu = 00:00:03 ; elapsed = 00:00:03 . Memory (MB): peak = 2670.387 ; gain = 0.000 ; free physical = 8396 ; free virtual = 14263
INFO: [Opt 31-389] Phase Sweep created 0 cells and removed 122 cells

Phase 4 BUFG optimization
Phase 4 BUFG optimization | Checksum: 178fa98fb

Time (s): cpu = 00:00:03 ; elapsed = 00:00:03 . Memory (MB): peak = 2670.387 ; gain = 0.000 ; free physical = 8396 ; free virtual = 14263
INFO: [Opt 31-662] Phase BUFG optimization created 0 cells of which 0 are BUFGs and removed 0 cells.

Phase 5 Shift Register Optimization
INFO: [Opt 31-1064] SRL Remap converted 0 SRLs to 0 registers and converted 0 registers of register chains to 0 SRLs
Phase 5 Shift Register Optimization | Checksum: 178fa98fb

Time (s): cpu = 00:00:03 ; elapsed = 00:00:03 . Memory (MB): peak = 2670.387 ; gain = 0.000 ; free physical = 8396 ; free virtual = 14263
INFO: [Opt 31-389] Phase Shift Register Optimization created 0 cells and removed 0 cells

Phase 6 Post Processing Netlist
Phase 6 Post Processing Netlist | Checksum: 178fa98fb

Time (s): cpu = 00:00:03 ; elapsed = 00:00:03 . Memory (MB): peak = 2670.387 ; gain = 0.000 ; free physical = 8396 ; free virtual = 14263
INFO: [Opt 31-389] Phase Post Processing Netlist created 0 cells and removed 0 cells
Opt_design Change Summary
=========================


-------------------------------------------------------------------------------------------------------------------------
|  Phase                        |  #Cells created  |  #Cells Removed  |  #Constrained objects preventing optimizations  |
-------------------------------------------------------------------------------------------------------------------------
|  Retarget                     |               1  |              79  |                                              1  |
|  Constant propagation         |             772  |             932  |                                              0  |
|  Sweep                        |               0  |             122  |                                              0  |
|  BUFG optimization            |               0  |               0  |                                              0  |
|  Shift Register Optimization  |               0  |               0  |                                              0  |
|  Post Processing Netlist      |               0  |               0  |                                              0  |
-------------------------------------------------------------------------------------------------------------------------



Starting Connectivity Check Task

Time (s): cpu = 00:00:00.03 ; elapsed = 00:00:00.03 . Memory (MB): peak = 2670.387 ; gain = 0.000 ; free physical = 8396 ; free virtual = 14263
Ending Logic Optimization Task | Checksum: 145ef321b

Time (s): cpu = 00:00:04 ; elapsed = 00:00:04 . Memory (MB): peak = 2670.387 ; gain = 0.000 ; free physical = 8396 ; free virtual = 14263

Starting Power Optimization Task
INFO: [Pwropt 34-132] Skipping clock gating for clocks with a period < 2.00 ns.
INFO: [Power 33-23] Power model is not available for dna_0
INFO: [Pwropt 34-9] Applying IDT optimizations ...
INFO: [Pwropt 34-10] Applying ODC optimizations ...
INFO: [Timing 38-35] Done setting XDC timing constraints.
Running Vector-less Activity Propagation...

Finished Running Vector-less Activity Propagation


Starting PowerOpt Patch Enables Task
INFO: [Pwropt 34-162] WRITE_MODE attribute of 0 BRAM(s) out of a total of 2 has been updated to save power. Run report_power_opt to get a complete listing of the BRAMs updated.
INFO: [Pwropt 34-201] Structural ODC has moved 0 WE to EN ports
Number of BRAM Ports augmented: 0 newly gated: 0 Total Ports: 4
Ending PowerOpt Patch Enables Task | Checksum: 145ef321b

Time (s): cpu = 00:00:00.09 ; elapsed = 00:00:00.10 . Memory (MB): peak = 2866.059 ; gain = 0.000 ; free physical = 8377 ; free virtual = 14248
Ending Power Optimization Task | Checksum: 145ef321b

Time (s): cpu = 00:00:05 ; elapsed = 00:00:03 . Memory (MB): peak = 2866.059 ; gain = 195.672 ; free physical = 8384 ; free virtual = 14254

Starting Final Cleanup Task
Ending Final Cleanup Task | Checksum: 145ef321b

Time (s): cpu = 00:00:00 ; elapsed = 00:00:00 . Memory (MB): peak = 2866.059 ; gain = 0.000 ; free physical = 8384 ; free virtual = 14254

Starting Netlist Obfuscation Task
Netlist sorting complete. Time (s): cpu = 00:00:00 ; elapsed = 00:00:00 . Memory (MB): peak = 2866.059 ; gain = 0.000 ; free physical = 8384 ; free virtual = 14254
Ending Netlist Obfuscation Task | Checksum: 145ef321b

Time (s): cpu = 00:00:00 ; elapsed = 00:00:00 . Memory (MB): peak = 2866.059 ; gain = 0.000 ; free physical = 8384 ; free virtual = 14254
INFO: [Common 17-83] Releasing license: Implementation
37 Infos, 48 Warnings, 32 Critical Warnings and 0 Errors encountered.
opt_design completed successfully
opt_design: Time (s): cpu = 00:00:18 ; elapsed = 00:00:13 . Memory (MB): peak = 2866.059 ; gain = 388.414 ; free physical = 8384 ; free virtual = 14255
INFO: [Timing 38-35] Done setting XDC timing constraints.
INFO: [Timing 38-480] Writing timing data to binary archive.
Writing placer database...
Writing XDEF routing.
Writing XDEF routing logical nets.
Writing XDEF routing special nets.
Write XDEF Complete: Time (s): cpu = 00:00:00.30 ; elapsed = 00:00:00.09 . Memory (MB): peak = 2866.059 ; gain = 0.000 ; free physical = 8370 ; free virtual = 14243
INFO: [Common 17-1381] The checkpoint '/home/acoustics/Documents/RP/RP_feedback/oscilloscope.runs/impl_1/system_wrapper_opt.dcp' has been generated.
INFO: [runtcl-4] Executing : report_drc -file system_wrapper_drc_opted.rpt -pb system_wrapper_drc_opted.pb -rpx system_wrapper_drc_opted.rpx
Command: report_drc -file system_wrapper_drc_opted.rpt -pb system_wrapper_drc_opted.pb -rpx system_wrapper_drc_opted.rpx
INFO: [IP_Flow 19-1839] IP Catalog is up to date.
INFO: [DRC 23-27] Running DRC with 4 threads
INFO: [Coretcl 2-168] The results of DRC are in file /home/acoustics/Documents/RP/RP_feedback/oscilloscope.runs/impl_1/system_wrapper_drc_opted.rpt.
report_drc completed successfully
Command: place_design -directive ExtraNetDelay_high
Attempting to get a license for feature 'Implementation' and/or device 'xc7z010'
INFO: [Common 17-349] Got license for feature 'Implementation' and/or device 'xc7z010'
INFO: [DRC 23-27] Running DRC with 4 threads
INFO: [Vivado_Tcl 4-198] DRC finished with 0 Errors
INFO: [Vivado_Tcl 4-199] Please refer to the DRC report (report_drc) for more information.
Running DRC as a precondition to command place_design
INFO: [DRC 23-27] Running DRC with 4 threads
INFO: [Vivado_Tcl 4-198] DRC finished with 0 Errors
INFO: [Vivado_Tcl 4-199] Please refer to the DRC report (report_drc) for more information.

Starting Placer Task
INFO: [Place 46-5] The placer was invoked with the 'ExtraNetDelay_high' directive.
INFO: [Place 30-611] Multithreading enabled for place_design using a maximum of 4 CPUs

Phase 1 Placer Initialization

Phase 1.1 Placer Initialization Netlist Sorting
Netlist sorting complete. Time (s): cpu = 00:00:00 ; elapsed = 00:00:00 . Memory (MB): peak = 2877.074 ; gain = 0.000 ; free physical = 8346 ; free virtual = 14220
Phase 1.1 Placer Initialization Netlist Sorting | Checksum: 8f989d9e

Time (s): cpu = 00:00:00.02 ; elapsed = 00:00:00.03 . Memory (MB): peak = 2877.074 ; gain = 0.000 ; free physical = 8346 ; free virtual = 14220
Netlist sorting complete. Time (s): cpu = 00:00:00 ; elapsed = 00:00:00.01 . Memory (MB): peak = 2877.074 ; gain = 0.000 ; free physical = 8346 ; free virtual = 14220

Phase 1.2 IO Placement/ Clock Placement/ Build Placer Device
Phase 1.2 IO Placement/ Clock Placement/ Build Placer Device | Checksum: 18e18bcaa

Time (s): cpu = 00:00:02 ; elapsed = 00:00:02 . Memory (MB): peak = 2877.074 ; gain = 0.000 ; free physical = 8357 ; free virtual = 14235

Phase 1.3 Build Placer Netlist Model
Phase 1.3 Build Placer Netlist Model | Checksum: 122879f1b

Time (s): cpu = 00:00:06 ; elapsed = 00:00:04 . Memory (MB): peak = 2877.074 ; gain = 0.000 ; free physical = 8356 ; free virtual = 14235

Phase 1.4 Constrain Clocks/Macros
Phase 1.4 Constrain Clocks/Macros | Checksum: 122879f1b

Time (s): cpu = 00:00:06 ; elapsed = 00:00:04 . Memory (MB): peak = 2877.074 ; gain = 0.000 ; free physical = 8356 ; free virtual = 14235
Phase 1 Placer Initialization | Checksum: 122879f1b

Time (s): cpu = 00:00:06 ; elapsed = 00:00:04 . Memory (MB): peak = 2877.074 ; gain = 0.000 ; free physical = 8356 ; free virtual = 14235

Phase 2 Global Placement

Phase 2.1 Floorplanning
Phase 2.1 Floorplanning | Checksum: 148337dda

Time (s): cpu = 00:00:08 ; elapsed = 00:00:05 . Memory (MB): peak = 2877.074 ; gain = 0.000 ; free physical = 8351 ; free virtual = 14230

Phase 2.2 Update Timing before SLR Path Opt
Phase 2.2 Update Timing before SLR Path Opt | Checksum: 1374a4ff1

Time (s): cpu = 00:00:09 ; elapsed = 00:00:05 . Memory (MB): peak = 2877.074 ; gain = 0.000 ; free physical = 8350 ; free virtual = 14230

Phase 2.3 Global Placement Core

Phase 2.3.1 Physical Synthesis In Placer
INFO: [Physopt 32-1035] Found 0 LUTNM shape to break, 331 LUT instances to create LUTNM shape
INFO: [Physopt 32-1044] Break lutnm for timing: one critical 0, two critical 0, total 0, new lutff created 0
INFO: [Physopt 32-775] End 1 Pass. Optimized 145 nets or cells. Created 0 new cell, deleted 145 existing cells and moved 0 existing cell
INFO: [Physopt 32-65] No nets found for high-fanout optimization.
INFO: [Physopt 32-232] Optimized 0 net. Created 0 new instance.
INFO: [Physopt 32-775] End 1 Pass. Optimized 0 net or cell. Created 0 new cell, deleted 0 existing cell and moved 0 existing cell
INFO: [Physopt 32-670] No setup violation found.  DSP Register Optimization was not performed.
INFO: [Physopt 32-670] No setup violation found.  Shift Register to Pipeline Optimization was not performed.
INFO: [Physopt 32-670] No setup violation found.  Shift Register Optimization was not performed.
INFO: [Physopt 32-670] No setup violation found.  BRAM Register Optimization was not performed.
INFO: [Physopt 32-670] No setup violation found.  URAM Register Optimization was not performed.
INFO: [Physopt 32-949] No candidate nets found for dynamic/static region interface net replication
INFO: [Physopt 32-775] End 1 Pass. Optimized 0 net or cell. Created 0 new cell, deleted 0 existing cell and moved 0 existing cell
Netlist sorting complete. Time (s): cpu = 00:00:00 ; elapsed = 00:00:00.01 . Memory (MB): peak = 2877.074 ; gain = 0.000 ; free physical = 8339 ; free virtual = 14221

Summary of Physical Synthesis Optimizations
============================================


-----------------------------------------------------------------------------------------------------------------------------------------------------------
|  Optimization                                     |  Added Cells  |  Removed Cells  |  Optimized Cells/Nets  |  Dont Touch  |  Iterations  |  Elapsed   |
-----------------------------------------------------------------------------------------------------------------------------------------------------------
|  LUT Combining                                    |            0  |            145  |                   145  |           0  |           1  |  00:00:00  |
|  Very High Fanout                                 |            0  |              0  |                     0  |           0  |           1  |  00:00:00  |
|  DSP Register                                     |            0  |              0  |                     0  |           0  |           0  |  00:00:00  |
|  Shift Register to Pipeline                       |            0  |              0  |                     0  |           0  |           0  |  00:00:00  |
|  Shift Register                                   |            0  |              0  |                     0  |           0  |           0  |  00:00:00  |
|  BRAM Register                                    |            0  |              0  |                     0  |           0  |           0  |  00:00:00  |
|  URAM Register                                    |            0  |              0  |                     0  |           0  |           0  |  00:00:00  |
|  Dynamic/Static Region Interface Net Replication  |            0  |              0  |                     0  |           0  |           1  |  00:00:00  |
|  Total                                            |            0  |            145  |                   145  |           0  |           3  |  00:00:01  |
-----------------------------------------------------------------------------------------------------------------------------------------------------------


Phase 2.3.1 Physical Synthesis In Placer | Checksum: 8ca4f7a8

Time (s): cpu = 00:00:21 ; elapsed = 00:00:11 . Memory (MB): peak = 2877.074 ; gain = 0.000 ; free physical = 8339 ; free virtual = 14221
Phase 2.3 Global Placement Core | Checksum: 122a2533f

Time (s): cpu = 00:00:22 ; elapsed = 00:00:11 . Memory (MB): peak = 2877.074 ; gain = 0.000 ; free physical = 8338 ; free virtual = 14220
Phase 2 Global Placement | Checksum: 122a2533f

Time (s): cpu = 00:00:22 ; elapsed = 00:00:11 . Memory (MB): peak = 2877.074 ; gain = 0.000 ; free physical = 8338 ; free virtual = 14220

Phase 3 Detail Placement

Phase 3.1 Commit Multi Column Macros
Phase 3.1 Commit Multi Column Macros | Checksum: df240d93

Time (s): cpu = 00:00:23 ; elapsed = 00:00:12 . Memory (MB): peak = 2877.074 ; gain = 0.000 ; free physical = 8339 ; free virtual = 14221

Phase 3.2 Commit Most Macros & LUTRAMs
Phase 3.2 Commit Most Macros & LUTRAMs | Checksum: c3ed85b1

Time (s): cpu = 00:00:25 ; elapsed = 00:00:13 . Memory (MB): peak = 2877.074 ; gain = 0.000 ; free physical = 8338 ; free virtual = 14220

Phase 3.3 Area Swap Optimization
Phase 3.3 Area Swap Optimization | Checksum: 13f2740d7

Time (s): cpu = 00:00:25 ; elapsed = 00:00:13 . Memory (MB): peak = 2877.074 ; gain = 0.000 ; free physical = 8338 ; free virtual = 14220

Phase 3.4 Pipeline Register Optimization
Phase 3.4 Pipeline Register Optimization | Checksum: 114d9d3f6

Time (s): cpu = 00:00:25 ; elapsed = 00:00:13 . Memory (MB): peak = 2877.074 ; gain = 0.000 ; free physical = 8338 ; free virtual = 14220

Phase 3.5 Small Shape Detail Placement
Phase 3.5 Small Shape Detail Placement | Checksum: 9c87509c

Time (s): cpu = 00:00:27 ; elapsed = 00:00:15 . Memory (MB): peak = 2877.074 ; gain = 0.000 ; free physical = 8334 ; free virtual = 14216

Phase 3.6 Re-assign LUT pins
Phase 3.6 Re-assign LUT pins | Checksum: ad6853e7

Time (s): cpu = 00:00:28 ; elapsed = 00:00:16 . Memory (MB): peak = 2877.074 ; gain = 0.000 ; free physical = 8334 ; free virtual = 14216

Phase 3.7 Pipeline Register Optimization
Phase 3.7 Pipeline Register Optimization | Checksum: 14062bffd

Time (s): cpu = 00:00:28 ; elapsed = 00:00:16 . Memory (MB): peak = 2877.074 ; gain = 0.000 ; free physical = 8334 ; free virtual = 14216
Phase 3 Detail Placement | Checksum: 14062bffd

Time (s): cpu = 00:00:28 ; elapsed = 00:00:16 . Memory (MB): peak = 2877.074 ; gain = 0.000 ; free physical = 8334 ; free virtual = 14216

Phase 4 Post Placement Optimization and Clean-Up

Phase 4.1 Post Commit Optimization
INFO: [Place 46-20] Placer is running with the ExtraNetDelay_high directive. Post Placement Optimization may take longer to complete with ExtraNetDelay_high compared to other directives.
INFO: [Timing 38-35] Done setting XDC timing constraints.

Phase 4.1.1 Post Placement Optimization
Post Placement Optimization Initialization | Checksum: 16d21b5dd

Phase 4.1.1.1 BUFG Insertion

Starting Physical Synthesis Task

Phase 1 Physical Synthesis Initialization
INFO: [Physopt 32-721] Multithreading enabled for phys_opt_design using a maximum of 4 CPUs
INFO: [Physopt 32-619] Estimated Timing Summary | WNS=1.021 | TNS=0.000 |
Phase 1 Physical Synthesis Initialization | Checksum: 1a325fe5f

Time (s): cpu = 00:00:00.81 ; elapsed = 00:00:00.36 . Memory (MB): peak = 2877.074 ; gain = 0.000 ; free physical = 8350 ; free virtual = 14233
INFO: [Place 46-56] BUFG insertion identified 0 candidate nets. Inserted BUFG: 0, Replicated BUFG Driver: 0, Skipped due to Placement/Routing Conflicts: 0, Skipped due to Timing Degradation: 0, Skipped due to Illegal Netlist: 0.
Ending Physical Synthesis Task | Checksum: 16381209f

Time (s): cpu = 00:00:00.86 ; elapsed = 00:00:00.41 . Memory (MB): peak = 2877.074 ; gain = 0.000 ; free physical = 8350 ; free virtual = 14233
Phase 4.1.1.1 BUFG Insertion | Checksum: 16d21b5dd

Time (s): cpu = 00:00:33 ; elapsed = 00:00:18 . Memory (MB): peak = 2877.074 ; gain = 0.000 ; free physical = 8350 ; free virtual = 14233
INFO: [Place 30-746] Post Placement Timing Summary WNS=1.021. For the most accurate timing information please run report_timing.

Time (s): cpu = 00:00:33 ; elapsed = 00:00:18 . Memory (MB): peak = 2877.074 ; gain = 0.000 ; free physical = 8350 ; free virtual = 14233
Phase 4.1 Post Commit Optimization | Checksum: fc740b40

Time (s): cpu = 00:00:33 ; elapsed = 00:00:18 . Memory (MB): peak = 2877.074 ; gain = 0.000 ; free physical = 8350 ; free virtual = 14233

Phase 4.2 Post Placement Cleanup
Phase 4.2 Post Placement Cleanup | Checksum: fc740b40

Time (s): cpu = 00:00:33 ; elapsed = 00:00:19 . Memory (MB): peak = 2877.074 ; gain = 0.000 ; free physical = 8351 ; free virtual = 14233

Phase 4.3 Placer Reporting

Phase 4.3.1 Print Estimated Congestion
INFO: [Place 30-612] Post-Placement Estimated Congestion 
 ____________________________________________________
|           | Global Congestion | Short Congestion  |
| Direction | Region Size       | Region Size       |
|___________|___________________|___________________|
|      North|                1x1|                2x2|
|___________|___________________|___________________|
|      South|                1x1|                1x1|
|___________|___________________|___________________|
|       East|                1x1|                1x1|
|___________|___________________|___________________|
|       West|                1x1|                1x1|
|___________|___________________|___________________|

Phase 4.3.1 Print Estimated Congestion | Checksum: fc740b40

Time (s): cpu = 00:00:33 ; elapsed = 00:00:19 . Memory (MB): peak = 2877.074 ; gain = 0.000 ; free physical = 8351 ; free virtual = 14233
Phase 4.3 Placer Reporting | Checksum: fc740b40

Time (s): cpu = 00:00:33 ; elapsed = 00:00:19 . Memory (MB): peak = 2877.074 ; gain = 0.000 ; free physical = 8351 ; free virtual = 14233

Phase 4.4 Final Placement Cleanup
Netlist sorting complete. Time (s): cpu = 00:00:00 ; elapsed = 00:00:00 . Memory (MB): peak = 2877.074 ; gain = 0.000 ; free physical = 8351 ; free virtual = 14233

Time (s): cpu = 00:00:33 ; elapsed = 00:00:19 . Memory (MB): peak = 2877.074 ; gain = 0.000 ; free physical = 8351 ; free virtual = 14233
Phase 4 Post Placement Optimization and Clean-Up | Checksum: 12697bef0

Time (s): cpu = 00:00:34 ; elapsed = 00:00:19 . Memory (MB): peak = 2877.074 ; gain = 0.000 ; free physical = 8351 ; free virtual = 14233
Ending Placer Task | Checksum: d74e3fd2

Time (s): cpu = 00:00:34 ; elapsed = 00:00:19 . Memory (MB): peak = 2877.074 ; gain = 0.000 ; free physical = 8351 ; free virtual = 14233
INFO: [Common 17-83] Releasing license: Implementation
74 Infos, 48 Warnings, 32 Critical Warnings and 0 Errors encountered.
place_design completed successfully
place_design: Time (s): cpu = 00:00:39 ; elapsed = 00:00:21 . Memory (MB): peak = 2877.074 ; gain = 0.000 ; free physical = 8355 ; free virtual = 14238
INFO: [Timing 38-480] Writing timing data to binary archive.
Writing placer database...
Writing XDEF routing.
Writing XDEF routing logical nets.
Writing XDEF routing special nets.
Write XDEF Complete: Time (s): cpu = 00:00:03 ; elapsed = 00:00:00.96 . Memory (MB): peak = 2877.074 ; gain = 0.000 ; free physical = 8329 ; free virtual = 14223
INFO: [Common 17-1381] The checkpoint '/home/acoustics/Documents/RP/RP_feedback/oscilloscope.runs/impl_1/system_wrapper_placed.dcp' has been generated.
INFO: [runtcl-4] Executing : report_io -file system_wrapper_io_placed.rpt
report_io: Time (s): cpu = 00:00:00.31 ; elapsed = 00:00:00.37 . Memory (MB): peak = 2877.074 ; gain = 0.000 ; free physical = 8339 ; free virtual = 14225
INFO: [runtcl-4] Executing : report_utilization -file system_wrapper_utilization_placed.rpt -pb system_wrapper_utilization_placed.pb
INFO: [runtcl-4] Executing : report_control_sets -verbose -file system_wrapper_control_sets_placed.rpt
report_control_sets: Time (s): cpu = 00:00:00.12 ; elapsed = 00:00:00.16 . Memory (MB): peak = 2877.074 ; gain = 0.000 ; free physical = 8351 ; free virtual = 14237
Command: phys_opt_design -directive AggressiveExplore
Attempting to get a license for feature 'Implementation' and/or device 'xc7z010'
INFO: [Common 17-349] Got license for feature 'Implementation' and/or device 'xc7z010'
INFO: [Vivado_Tcl 4-137] Directive used for phys_opt_design is: AggressiveExplore
INFO: [Vivado_Tcl 4-383] Design worst setup slack (WNS) is greater than or equal to 0.000 ns. Skipping all physical synthesis optimizations.
INFO: [Vivado_Tcl 4-232] No setup violation found. The netlist was not modified.
INFO: [Common 17-83] Releasing license: Implementation
84 Infos, 48 Warnings, 32 Critical Warnings and 0 Errors encountered.
phys_opt_design completed successfully
INFO: [Timing 38-480] Writing timing data to binary archive.
Writing placer database...
Writing XDEF routing.
Writing XDEF routing logical nets.
Writing XDEF routing special nets.
Write XDEF Complete: Time (s): cpu = 00:00:03 ; elapsed = 00:00:00.98 . Memory (MB): peak = 2877.074 ; gain = 0.000 ; free physical = 8295 ; free virtual = 14193
INFO: [Common 17-1381] The checkpoint '/home/acoustics/Documents/RP/RP_feedback/oscilloscope.runs/impl_1/system_wrapper_physopt.dcp' has been generated.
Command: route_design -directive NoTimingRelaxation
Attempting to get a license for feature 'Implementation' and/or device 'xc7z010'
INFO: [Common 17-349] Got license for feature 'Implementation' and/or device 'xc7z010'
Running DRC as a precondition to command route_design
INFO: [DRC 23-27] Running DRC with 4 threads
INFO: [Vivado_Tcl 4-198] DRC finished with 0 Errors
INFO: [Vivado_Tcl 4-199] Please refer to the DRC report (report_drc) for more information.


Starting Routing Task
INFO: [Route 35-270] Using Router directive 'NoTimingRelaxation'.
INFO: [Route 35-254] Multithreading enabled for route_design using a maximum of 4 CPUs
Checksum: PlaceDB: 80524bfb ConstDB: 0 ShapeSum: 56fbf3d7 RouteDB: 0

Phase 1 Build RT Design
Phase 1 Build RT Design | Checksum: 117c5da7d

Time (s): cpu = 00:00:18 ; elapsed = 00:00:16 . Memory (MB): peak = 2877.074 ; gain = 0.000 ; free physical = 8261 ; free virtual = 14151
Post Restoration Checksum: NetGraph: 247a8b3a NumContArr: f34b4f43 Constraints: 0 Timing: 0

Phase 2 Router Initialization

Phase 2.1 Create Timer
Phase 2.1 Create Timer | Checksum: 117c5da7d

Time (s): cpu = 00:00:18 ; elapsed = 00:00:16 . Memory (MB): peak = 2877.074 ; gain = 0.000 ; free physical = 8261 ; free virtual = 14151

Phase 2.2 Fix Topology Constraints
Phase 2.2 Fix Topology Constraints | Checksum: 117c5da7d

Time (s): cpu = 00:00:18 ; elapsed = 00:00:16 . Memory (MB): peak = 2877.074 ; gain = 0.000 ; free physical = 8245 ; free virtual = 14136

Phase 2.3 Pre Route Cleanup
Phase 2.3 Pre Route Cleanup | Checksum: 117c5da7d

Time (s): cpu = 00:00:18 ; elapsed = 00:00:16 . Memory (MB): peak = 2877.074 ; gain = 0.000 ; free physical = 8244 ; free virtual = 14135
 Number of Nodes with overlaps = 0

Phase 2.4 Update Timing
Phase 2.4 Update Timing | Checksum: 26e9dfc90

Time (s): cpu = 00:00:23 ; elapsed = 00:00:19 . Memory (MB): peak = 2877.074 ; gain = 0.000 ; free physical = 8228 ; free virtual = 14119
INFO: [Route 35-416] Intermediate Timing Summary | WNS=1.129  | TNS=0.000  | WHS=-0.352 | THS=-113.364|

Phase 2 Router Initialization | Checksum: 247b0311a

Time (s): cpu = 00:00:26 ; elapsed = 00:00:20 . Memory (MB): peak = 2877.074 ; gain = 0.000 ; free physical = 8231 ; free virtual = 14122

Router Utilization Summary
  Global Vertical Routing Utilization    = 0.00197072 %
  Global Horizontal Routing Utilization  = 0.000229779 %
  Routable Net Status*
  *Does not include unroutable nets such as driverless and loadless.
  Run report_route_status for detailed report.
  Number of Failed Nets               = 5722
    (Failed Nets is the sum of unrouted and partially routed nets)
  Number of Unrouted Nets             = 5721
  Number of Partially Routed Nets     = 1
  Number of Node Overlaps             = 0


Phase 3 Initial Routing

Phase 3.1 Global Routing
Phase 3.1 Global Routing | Checksum: 247b0311a

Time (s): cpu = 00:00:26 ; elapsed = 00:00:20 . Memory (MB): peak = 2877.074 ; gain = 0.000 ; free physical = 8227 ; free virtual = 14118
Phase 3 Initial Routing | Checksum: 206d174be

Time (s): cpu = 00:00:27 ; elapsed = 00:00:20 . Memory (MB): peak = 2877.074 ; gain = 0.000 ; free physical = 8226 ; free virtual = 14117

Phase 4 Rip-up And Reroute

Phase 4.1 Global Iteration 0
 Number of Nodes with overlaps = 518
 Number of Nodes with overlaps = 87
 Number of Nodes with overlaps = 31
 Number of Nodes with overlaps = 8
 Number of Nodes with overlaps = 5
 Number of Nodes with overlaps = 0
INFO: [Route 35-416] Intermediate Timing Summary | WNS=0.668  | TNS=0.000  | WHS=N/A    | THS=N/A    |

Phase 4.1 Global Iteration 0 | Checksum: 110057f67

Time (s): cpu = 00:00:32 ; elapsed = 00:00:24 . Memory (MB): peak = 2877.074 ; gain = 0.000 ; free physical = 8227 ; free virtual = 14119

Phase 4.2 Global Iteration 1
 Number of Nodes with overlaps = 0
INFO: [Route 35-416] Intermediate Timing Summary | WNS=0.668  | TNS=0.000  | WHS=N/A    | THS=N/A    |

Phase 4.2 Global Iteration 1 | Checksum: 1c541ab6b

Time (s): cpu = 00:00:33 ; elapsed = 00:00:24 . Memory (MB): peak = 2877.074 ; gain = 0.000 ; free physical = 8227 ; free virtual = 14119
Phase 4 Rip-up And Reroute | Checksum: 1c541ab6b

Time (s): cpu = 00:00:33 ; elapsed = 00:00:24 . Memory (MB): peak = 2877.074 ; gain = 0.000 ; free physical = 8227 ; free virtual = 14119

Phase 5 Delay and Skew Optimization

Phase 5.1 Delay CleanUp
Phase 5.1 Delay CleanUp | Checksum: 1c541ab6b

Time (s): cpu = 00:00:33 ; elapsed = 00:00:24 . Memory (MB): peak = 2877.074 ; gain = 0.000 ; free physical = 8227 ; free virtual = 14119

Phase 5.2 Clock Skew Optimization
Phase 5.2 Clock Skew Optimization | Checksum: 1c541ab6b

Time (s): cpu = 00:00:33 ; elapsed = 00:00:24 . Memory (MB): peak = 2877.074 ; gain = 0.000 ; free physical = 8227 ; free virtual = 14119
Phase 5 Delay and Skew Optimization | Checksum: 1c541ab6b

Time (s): cpu = 00:00:33 ; elapsed = 00:00:24 . Memory (MB): peak = 2877.074 ; gain = 0.000 ; free physical = 8227 ; free virtual = 14119

Phase 6 Post Hold Fix

Phase 6.1 Hold Fix Iter

Phase 6.1.1 Update Timing
Phase 6.1.1 Update Timing | Checksum: 1df16e52c

Time (s): cpu = 00:00:34 ; elapsed = 00:00:25 . Memory (MB): peak = 2877.074 ; gain = 0.000 ; free physical = 8228 ; free virtual = 14119
INFO: [Route 35-416] Intermediate Timing Summary | WNS=0.783  | TNS=0.000  | WHS=0.023  | THS=0.000  |

Phase 6.1 Hold Fix Iter | Checksum: 26c144714

Time (s): cpu = 00:00:34 ; elapsed = 00:00:25 . Memory (MB): peak = 2877.074 ; gain = 0.000 ; free physical = 8228 ; free virtual = 14119
Phase 6 Post Hold Fix | Checksum: 26c144714

Time (s): cpu = 00:00:34 ; elapsed = 00:00:25 . Memory (MB): peak = 2877.074 ; gain = 0.000 ; free physical = 8228 ; free virtual = 14119

Phase 7 Route finalize

Router Utilization Summary
  Global Vertical Routing Utilization    = 1.87275 %
  Global Horizontal Routing Utilization  = 2.8472 %
  Routable Net Status*
  *Does not include unroutable nets such as driverless and loadless.
  Run report_route_status for detailed report.
  Number of Failed Nets               = 0
    (Failed Nets is the sum of unrouted and partially routed nets)
  Number of Unrouted Nets             = 0
  Number of Partially Routed Nets     = 0
  Number of Node Overlaps             = 0

Phase 7 Route finalize | Checksum: 2084c3348

Time (s): cpu = 00:00:34 ; elapsed = 00:00:25 . Memory (MB): peak = 2877.074 ; gain = 0.000 ; free physical = 8227 ; free virtual = 14118

Phase 8 Verifying routed nets

 Verification completed successfully
Phase 8 Verifying routed nets | Checksum: 2084c3348

Time (s): cpu = 00:00:34 ; elapsed = 00:00:25 . Memory (MB): peak = 2877.074 ; gain = 0.000 ; free physical = 8225 ; free virtual = 14117

Phase 9 Depositing Routes
Phase 9 Depositing Routes | Checksum: 21a18ed3c

Time (s): cpu = 00:00:35 ; elapsed = 00:00:26 . Memory (MB): peak = 2877.074 ; gain = 0.000 ; free physical = 8225 ; free virtual = 14117

Phase 10 Post Router Timing
INFO: [Route 35-20] Post Routing Timing Summary | WNS=0.783  | TNS=0.000  | WHS=0.022  | THS=0.000  |

Phase 10 Post Router Timing | Checksum: 25e0ce029

Time (s): cpu = 00:00:40 ; elapsed = 00:00:28 . Memory (MB): peak = 2877.074 ; gain = 0.000 ; free physical = 8224 ; free virtual = 14115
INFO: [Route 35-61] The design met the timing requirement.
INFO: [Route 72-16] Aggressive Explore Summary
+------+-------+-------+-------+-------+--------+--------------+-------------------+
| Pass |  WNS  |  TNS  |  WHS  |  THS  | Status | Elapsed Time | Solution Selected |
+------+-------+-------+-------+-------+--------+--------------+-------------------+
|  1   | 0.783 | 0.000 | 0.023 | 0.000 |  Pass  |   00:00:10   |         x         |
+------+-------+-------+-------+-------+--------+--------------+-------------------+
|  2   |   -   |   -   |   -   |   -   |  Fail  |   00:00:00   |                   |
+------+-------+-------+-------+-------+--------+--------------+-------------------+

INFO: [Route 35-16] Router Completed Successfully

Time (s): cpu = 00:00:40 ; elapsed = 00:00:28 . Memory (MB): peak = 2877.074 ; gain = 0.000 ; free physical = 8278 ; free virtual = 14169

Routing Is Done.
INFO: [Common 17-83] Releasing license: Implementation
101 Infos, 48 Warnings, 32 Critical Warnings and 0 Errors encountered.
route_design completed successfully
route_design: Time (s): cpu = 00:00:49 ; elapsed = 00:00:31 . Memory (MB): peak = 2877.074 ; gain = 0.000 ; free physical = 8278 ; free virtual = 14169
INFO: [Common 17-600] The following parameters have non-default value.
general.maxThreads
INFO: [Timing 38-480] Writing timing data to binary archive.
Writing placer database...
Writing XDEF routing.
Writing XDEF routing logical nets.
Writing XDEF routing special nets.
Write XDEF Complete: Time (s): cpu = 00:00:03 ; elapsed = 00:00:01 . Memory (MB): peak = 2877.074 ; gain = 0.000 ; free physical = 8254 ; free virtual = 14159
INFO: [Common 17-1381] The checkpoint '/home/acoustics/Documents/RP/RP_feedback/oscilloscope.runs/impl_1/system_wrapper_routed.dcp' has been generated.
INFO: [runtcl-4] Executing : report_drc -file system_wrapper_drc_routed.rpt -pb system_wrapper_drc_routed.pb -rpx system_wrapper_drc_routed.rpx
Command: report_drc -file system_wrapper_drc_routed.rpt -pb system_wrapper_drc_routed.pb -rpx system_wrapper_drc_routed.rpx
INFO: [IP_Flow 19-1839] IP Catalog is up to date.
INFO: [DRC 23-27] Running DRC with 4 threads
INFO: [Coretcl 2-168] The results of DRC are in file /home/acoustics/Documents/RP/RP_feedback/oscilloscope.runs/impl_1/system_wrapper_drc_routed.rpt.
report_drc completed successfully
INFO: [runtcl-4] Executing : report_methodology -file system_wrapper_methodology_drc_routed.rpt -pb system_wrapper_methodology_drc_routed.pb -rpx system_wrapper_methodology_drc_routed.rpx
Command: report_methodology -file system_wrapper_methodology_drc_routed.rpt -pb system_wrapper_methodology_drc_routed.pb -rpx system_wrapper_methodology_drc_routed.rpx
INFO: [Timing 38-35] Done setting XDC timing constraints.
INFO: [DRC 23-133] Running Methodology with 4 threads
INFO: [Coretcl 2-1520] The results of Report Methodology are in file /home/acoustics/Documents/RP/RP_feedback/oscilloscope.runs/impl_1/system_wrapper_methodology_drc_routed.rpt.
report_methodology completed successfully
INFO: [runtcl-4] Executing : report_power -file system_wrapper_power_routed.rpt -pb system_wrapper_power_summary_routed.pb -rpx system_wrapper_power_routed.rpx
Command: report_power -file system_wrapper_power_routed.rpt -pb system_wrapper_power_summary_routed.pb -rpx system_wrapper_power_routed.rpx
INFO: [Power 33-23] Power model is not available for dna_0
INFO: [Timing 38-35] Done setting XDC timing constraints.
Running Vector-less Activity Propagation...

Finished Running Vector-less Activity Propagation
WARNING: [Power 33-332] Found switching activity that implies high-fanout reset nets being asserted for excessive periods of time which may result in inaccurate power analysis.
Resolution: To review and fix problems, please run Power Constraints Advisor in the GUI from Tools > Power Constraints Advisor or run report_power with the -advisory option to generate a text report.
115 Infos, 49 Warnings, 32 Critical Warnings and 0 Errors encountered.
report_power completed successfully
INFO: [runtcl-4] Executing : report_route_status -file system_wrapper_route_status.rpt -pb system_wrapper_route_status.pb
INFO: [runtcl-4] Executing : report_timing_summary -max_paths 10 -file system_wrapper_timing_summary_routed.rpt -pb system_wrapper_timing_summary_routed.pb -rpx system_wrapper_timing_summary_routed.rpx -warn_on_violation 
INFO: [Timing 38-91] UpdateTimingParams: Speed grade: -1, Delay Type: min_max.
INFO: [Timing 38-191] Multithreading enabled for timing update using a maximum of 4 CPUs
INFO: [runtcl-4] Executing : report_incremental_reuse -file system_wrapper_incremental_reuse_routed.rpt
INFO: [Vivado_Tcl 4-1062] Incremental flow is disabled. No incremental reuse Info to report.
INFO: [runtcl-4] Executing : report_clock_utilization -file system_wrapper_clock_utilization_routed.rpt
INFO: [runtcl-4] Executing : report_bus_skew -warn_on_violation -file system_wrapper_bus_skew_routed.rpt -pb system_wrapper_bus_skew_routed.pb -rpx system_wrapper_bus_skew_routed.rpx
INFO: [Timing 38-91] UpdateTimingParams: Speed grade: -1, Delay Type: min_max.
INFO: [Timing 38-191] Multithreading enabled for timing update using a maximum of 4 CPUs
Command: write_bitstream -force system_wrapper.bit
Attempting to get a license for feature 'Implementation' and/or device 'xc7z010'
INFO: [Common 17-349] Got license for feature 'Implementation' and/or device 'xc7z010'
Running DRC as a precondition to command write_bitstream
INFO: [IP_Flow 19-1839] IP Catalog is up to date.
INFO: [DRC 23-27] Running DRC with 4 threads
INFO: [DRC AVAL-4] enum_USE_DPORT_FALSE_enum_DREG_ADREG_0_connects_CED_CEAD_RSTD_GND: system_i/dds_0/U0/i_synth/i_dds/I_SINCOS.i_comp_eff.i_eff/MULT_PI_U/i_synth_option.i_synth_model/opt_vx7.i_uniwrap/i_primitive: DSP48E1 is not using the D port (USE_DPORT = FALSE). For improved power characteristics, set DREG and ADREG to '1', tie CED, CEAD, and RSTD to logic '0'.
INFO: [DRC AVAL-4] enum_USE_DPORT_FALSE_enum_DREG_ADREG_0_connects_CED_CEAD_RSTD_GND: system_i/dds_0/U0/i_synth/i_dds/I_SINCOS.i_comp_eff.i_eff/S1_COS_U/i_synth_option.i_synth_model/opt_vx7.i_uniwrap/i_primitive: DSP48E1 is not using the D port (USE_DPORT = FALSE). For improved power characteristics, set DREG and ADREG to '1', tie CED, CEAD, and RSTD to logic '0'.
INFO: [DRC AVAL-4] enum_USE_DPORT_FALSE_enum_DREG_ADREG_0_connects_CED_CEAD_RSTD_GND: system_i/dds_0/U0/i_synth/i_dds/I_SINCOS.i_comp_eff.i_eff/SECOND_ORDER_APPROXIMATION.S2_COS_U/i_synth_option.i_synth_model/opt_vx7.i_uniwrap/i_primitive: DSP48E1 is not using the D port (USE_DPORT = FALSE). For improved power characteristics, set DREG and ADREG to '1', tie CED, CEAD, and RSTD to logic '0'.
INFO: [DRC AVAL-4] enum_USE_DPORT_FALSE_enum_DREG_ADREG_0_connects_CED_CEAD_RSTD_GND: system_i/mult_0/U0/i_synth/i_synth_option.i_synth_model/opt_7series.i_uniwrap/i_primitive: DSP48E1 is not using the D port (USE_DPORT = FALSE). For improved power characteristics, set DREG and ADREG to '1', tie CED, CEAD, and RSTD to logic '0'.
INFO: [Vivado 12-3199] DRC finished with 0 Errors, 4 Advisories
INFO: [Vivado 12-3200] Please refer to the DRC report (report_drc) for more information.
INFO: [Designutils 20-2272] Running write_bitstream with 4 threads.
Loading data files...
Loading site data...
Loading route data...
Processing options...
Creating bitmap...
Creating bitstream...
Writing bitstream ./system_wrapper.bit...
INFO: [Vivado 12-1842] Bitgen Completed Successfully.
INFO: [Project 1-120] WebTalk data collection is mandatory when using a WebPACK part without a full Vivado license. To see the specific WebTalk data collected for your design, open the usage_statistics_webtalk.html or usage_statistics_webtalk.xml file in the implementation directory.
INFO: [Common 17-186] '/home/acoustics/Documents/RP/RP_feedback/oscilloscope.runs/impl_1/usage_statistics_webtalk.xml' has been successfully sent to Xilinx on Thu Oct 14 11:42:29 2021. For additional details about this file, please refer to the WebTalk help file at /tools/Xilinx/Vivado/2020.2/doc/webtalk_introduction.html.
INFO: [Common 17-83] Releasing license: Implementation
17 Infos, 0 Warnings, 0 Critical Warnings and 0 Errors encountered.
write_bitstream completed successfully
write_bitstream: Time (s): cpu = 00:00:34 ; elapsed = 00:00:29 . Memory (MB): peak = 3180.012 ; gain = 276.250 ; free physical = 8224 ; free virtual = 14133
INFO: [Common 17-206] Exiting Vivado at Thu Oct 14 11:42:29 2021...
