Copyright 1986-2020 Xilinx, Inc. All Rights Reserved.
----------------------------------------------------------------------------------------------------------------------------------------------------------------
| Tool Version     : Vivado v.2020.2 (lin64) Build 3064766 Wed Nov 18 09:12:47 MST 2020
| Date             : Fri Oct  8 15:25:19 2021
| Host             : acoustics-VirtualBox running 64-bit Ubuntu 20.04.2 LTS
| Command          : report_power -file system_wrapper_power_routed.rpt -pb system_wrapper_power_summary_routed.pb -rpx system_wrapper_power_routed.rpx
| Design           : system_wrapper
| Device           : xc7z010clg400-1
| Design State     : routed
| Grade            : commercial
| Process          : typical
| Characterization : Production
----------------------------------------------------------------------------------------------------------------------------------------------------------------

Power Report

Table of Contents
-----------------
1. Summary
1.1 On-Chip Components
1.2 Power Supply Summary
1.3 Confidence Level
2. Settings
2.1 Environment
2.2 Clock Constraints
3. Detailed Reports
3.1 By Hierarchy

1. Summary
----------

+--------------------------+--------------+
| Total On-Chip Power (W)  | 1.654        |
| Design Power Budget (W)  | Unspecified* |
| Power Budget Margin (W)  | NA           |
| Dynamic (W)              | 1.530        |
| Device Static (W)        | 0.124        |
| Effective TJA (C/W)      | 11.5         |
| Max Ambient (C)          | 65.9         |
| Junction Temperature (C) | 44.1         |
| Confidence Level         | Low          |
| Setting File             | ---          |
| Simulation Activity File | ---          |
| Design Nets Matched      | NA           |
+--------------------------+--------------+
* Specify Design Power Budget using, set_operating_conditions -design_power_budget <value in Watts>


1.1 On-Chip Components
----------------------

+-------------------------+-----------+----------+-----------+-----------------+
| On-Chip                 | Power (W) | Used     | Available | Utilization (%) |
+-------------------------+-----------+----------+-----------+-----------------+
| Clocks                  |     0.018 |        8 |       --- |             --- |
| Slice Logic             |     0.010 |     6489 |       --- |             --- |
|   LUT as Logic          |     0.008 |     2013 |     17600 |           11.44 |
|   Register              |     0.001 |     3150 |     35200 |            8.95 |
|   CARRY4                |     0.001 |      180 |      4400 |            4.09 |
|   LUT as Shift Register |    <0.001 |      108 |      6000 |            1.80 |
|   F7/F8 Muxes           |    <0.001 |        9 |     17600 |            0.05 |
|   Others                |     0.000 |      456 |       --- |             --- |
| Signals                 |     0.013 |     4601 |       --- |             --- |
| Block RAM               |     0.007 |      2.5 |        60 |            4.17 |
| PLL                     |     0.105 |        1 |         2 |           50.00 |
| DSPs                    |     0.005 |        4 |        80 |            5.00 |
| I/O                     |     0.094 |       63 |       100 |           63.00 |
| PS7                     |     1.277 |        1 |       --- |             --- |
| Static Power            |     0.124 |          |           |                 |
| Total                   |     1.654 |          |           |                 |
+-------------------------+-----------+----------+-----------+-----------------+


1.2 Power Supply Summary
------------------------

+-----------+-------------+-----------+-------------+------------+-------------+-------------+------------+
| Source    | Voltage (V) | Total (A) | Dynamic (A) | Static (A) | Powerup (A) | Budget (A)  | Margin (A) |
+-----------+-------------+-----------+-------------+------------+-------------+-------------+------------+
| Vccint    |       1.000 |     0.072 |       0.065 |      0.007 |       NA    | Unspecified | NA         |
| Vccaux    |       1.800 |     0.063 |       0.055 |      0.008 |       NA    | Unspecified | NA         |
| Vcco33    |       3.300 |     0.028 |       0.027 |      0.001 |       NA    | Unspecified | NA         |
| Vcco25    |       2.500 |     0.000 |       0.000 |      0.000 |       NA    | Unspecified | NA         |
| Vcco18    |       1.800 |     0.000 |       0.000 |      0.000 |       NA    | Unspecified | NA         |
| Vcco15    |       1.500 |     0.000 |       0.000 |      0.000 |       NA    | Unspecified | NA         |
| Vcco135   |       1.350 |     0.000 |       0.000 |      0.000 |       NA    | Unspecified | NA         |
| Vcco12    |       1.200 |     0.000 |       0.000 |      0.000 |       NA    | Unspecified | NA         |
| Vccaux_io |       1.800 |     0.000 |       0.000 |      0.000 |       NA    | Unspecified | NA         |
| Vccbram   |       1.000 |     0.001 |       0.001 |      0.001 |       NA    | Unspecified | NA         |
| MGTAVcc   |       1.000 |     0.000 |       0.000 |      0.000 |       NA    | Unspecified | NA         |
| MGTAVtt   |       1.200 |     0.000 |       0.000 |      0.000 |       NA    | Unspecified | NA         |
| MGTVccaux |       1.800 |     0.000 |       0.000 |      0.000 |       NA    | Unspecified | NA         |
| Vccpint   |       1.000 |     0.695 |       0.666 |      0.030 |       NA    | Unspecified | NA         |
| Vccpaux   |       1.800 |     0.037 |       0.027 |      0.010 |       NA    | Unspecified | NA         |
| Vccpll    |       1.800 |     0.017 |       0.014 |      0.003 |       NA    | Unspecified | NA         |
| Vcco_ddr  |       1.500 |     0.356 |       0.354 |      0.002 |       NA    | Unspecified | NA         |
| Vcco_mio0 |       3.300 |     0.001 |       0.000 |      0.001 |       NA    | Unspecified | NA         |
| Vcco_mio1 |       2.500 |     0.003 |       0.002 |      0.001 |       NA    | Unspecified | NA         |
| Vccadc    |       1.800 |     0.020 |       0.000 |      0.020 |       NA    | Unspecified | NA         |
+-----------+-------------+-----------+-------------+------------+-------------+-------------+------------+


1.3 Confidence Level
--------------------

+-----------------------------+------------+--------------------------------------------------------+------------------------------------------------------------------------------------------------------------+
| User Input Data             | Confidence | Details                                                | Action                                                                                                     |
+-----------------------------+------------+--------------------------------------------------------+------------------------------------------------------------------------------------------------------------+
| Design implementation state | High       | Design is routed                                       |                                                                                                            |
| Clock nodes activity        | High       | User specified more than 95% of clocks                 |                                                                                                            |
| I/O nodes activity          | Low        | More than 75% of inputs are missing user specification | Provide missing input activity with simulation results or by editing the "By Resource Type -> I/Os" view   |
| Internal nodes activity     | Medium     | User specified less than 25% of internal nodes         | Provide missing internal nodes activity with simulation results or by editing the "By Resource Type" views |
| Device models               | High       | Device models are Production                           |                                                                                                            |
|                             |            |                                                        |                                                                                                            |
| Overall confidence level    | Low        |                                                        |                                                                                                            |
+-----------------------------+------------+--------------------------------------------------------+------------------------------------------------------------------------------------------------------------+


2. Settings
-----------

2.1 Environment
---------------

+-----------------------+------------------------+
| Ambient Temp (C)      | 25.0                   |
| ThetaJA (C/W)         | 11.5                   |
| Airflow (LFM)         | 250                    |
| Heat Sink             | none                   |
| ThetaSA (C/W)         | 0.0                    |
| Board Selection       | medium (10"x10")       |
| # of Board Layers     | 8to11 (8 to 11 Layers) |
| Board Temperature (C) | 25.0                   |
+-----------------------+------------------------+


2.2 Clock Constraints
---------------------

+-------------------------+---------------------------------------------+-----------------+
| Clock                   | Domain                                      | Constraint (ns) |
+-------------------------+---------------------------------------------+-----------------+
| adc_clk_p_i             | adc_clk_p_i                                 |             8.0 |
| clk_out1_system_pll_0_0 | system_i/pll_0/inst/clk_out1_system_pll_0_0 |             8.0 |
| clk_out2_system_pll_0_0 | system_i/pll_0/inst/clk_out2_system_pll_0_0 |             4.0 |
| clk_out3_system_pll_0_0 | system_i/pll_0/inst/clk_out3_system_pll_0_0 |             4.0 |
| clkfbout_system_pll_0_0 | system_i/pll_0/inst/clkfbout_system_pll_0_0 |             8.0 |
+-------------------------+---------------------------------------------+-----------------+


3. Detailed Reports
-------------------

3.1 By Hierarchy
----------------

+---------------------+-----------+
| Name                | Power (W) |
+---------------------+-----------+
| system_wrapper      |     1.530 |
|   system_i          |     1.437 |
|     cfg_0           |     0.002 |
|       inst          |     0.002 |
|     cic_0           |     0.023 |
|       U0            |     0.023 |
|     dac_0           |     0.003 |
|       inst          |     0.003 |
|     dds_0           |     0.015 |
|       U0            |     0.015 |
|     mult_0          |     0.002 |
|       U0            |     0.002 |
|     pll_0           |     0.106 |
|       inst          |     0.106 |
|     ps_0            |     1.278 |
|       inst          |     1.278 |
|     ps_0_axi_periph |     0.005 |
|       s00_couplers  |     0.004 |
|     writer_0        |     0.001 |
|       inst          |     0.001 |
+---------------------+-----------+


